{"/Users/t826308/Projects/kevnz/back-off/src/index.js": {"path":"/Users/t826308/Projects/kevnz/back-off/src/index.js","statementMap":{"0":{"start":{"line":1,"column":18},"end":{"line":1,"column":48}},"1":{"start":{"line":4,"column":4},"end":{"line":13,"column":5}},"2":{"start":{"line":14,"column":4},"end":{"line":14,"column":32}},"3":{"start":{"line":15,"column":4},"end":{"line":15,"column":36}},"4":{"start":{"line":19,"column":4},"end":{"line":19,"column":25}},"5":{"start":{"line":21,"column":4},"end":{"line":23,"column":5}},"6":{"start":{"line":22,"column":6},"end":{"line":22,"column":72}},"7":{"start":{"line":24,"column":4},"end":{"line":38,"column":5}},"8":{"start":{"line":25,"column":6},"end":{"line":25,"column":32}},"9":{"start":{"line":27,"column":6},"end":{"line":27,"column":27}},"10":{"start":{"line":28,"column":6},"end":{"line":30,"column":7}},"11":{"start":{"line":29,"column":8},"end":{"line":29,"column":19}},"12":{"start":{"line":31,"column":6},"end":{"line":36,"column":7}},"13":{"start":{"line":32,"column":24},"end":{"line":34,"column":22}},"14":{"start":{"line":35,"column":8},"end":{"line":35,"column":30}},"15":{"start":{"line":37,"column":6},"end":{"line":37,"column":42}},"16":{"start":{"line":41,"column":4},"end":{"line":41,"column":33}},"17":{"start":{"line":42,"column":4},"end":{"line":42,"column":36}},"18":{"start":{"line":46,"column":0},"end":{"line":46,"column":24}}},"fnMap":{"0":{"name":"(anonymous_0)","decl":{"start":{"line":3,"column":2},"end":{"line":3,"column":3}},"loc":{"start":{"line":3,"column":21},"end":{"line":16,"column":3}},"line":3},"1":{"name":"(anonymous_1)","decl":{"start":{"line":18,"column":2},"end":{"line":18,"column":3}},"loc":{"start":{"line":18,"column":33},"end":{"line":39,"column":3}},"line":18},"2":{"name":"(anonymous_2)","decl":{"start":{"line":40,"column":2},"end":{"line":40,"column":3}},"loc":{"start":{"line":40,"column":45},"end":{"line":43,"column":3}},"line":40},"3":{"name":"(anonymous_3)","decl":{"start":{"line":40,"column":35},"end":{"line":40,"column":36}},"loc":{"start":{"line":40,"column":41},"end":{"line":40,"column":43}},"line":40}},"branchMap":{"0":{"loc":{"start":{"line":21,"column":4},"end":{"line":23,"column":5}},"type":"if","locations":[{"start":{"line":21,"column":4},"end":{"line":23,"column":5}},{"start":{"line":21,"column":4},"end":{"line":23,"column":5}}],"line":21},"1":{"loc":{"start":{"line":28,"column":6},"end":{"line":30,"column":7}},"type":"if","locations":[{"start":{"line":28,"column":6},"end":{"line":30,"column":7}},{"start":{"line":28,"column":6},"end":{"line":30,"column":7}}],"line":28},"2":{"loc":{"start":{"line":31,"column":6},"end":{"line":36,"column":7}},"type":"if","locations":[{"start":{"line":31,"column":6},"end":{"line":36,"column":7}},{"start":{"line":31,"column":6},"end":{"line":36,"column":7}}],"line":31},"3":{"loc":{"start":{"line":32,"column":24},"end":{"line":34,"column":22}},"type":"cond-expr","locations":[{"start":{"line":33,"column":12},"end":{"line":33,"column":64}},{"start":{"line":34,"column":12},"end":{"line":34,"column":22}}],"line":32},"4":{"loc":{"start":{"line":40,"column":25},"end":{"line":40,"column":43}},"type":"default-arg","locations":[{"start":{"line":40,"column":35},"end":{"line":40,"column":43}}],"line":40}},"s":{"0":1,"1":11,"2":11,"3":11,"4":26,"5":26,"6":1,"7":25,"8":25,"9":17,"10":17,"11":1,"12":16,"13":6,"14":6,"15":15,"16":11,"17":11,"18":1},"f":{"0":11,"1":26,"2":11,"3":17},"b":{"0":[1,25],"1":[1,16],"2":[6,10],"3":[1,5],"4":[11]},"_coverageSchema":"43e27e138ebf9cfc5966b082cf9a028302ed4184","hash":"05d4f647e191856a6fc1bb397b6f131c255f413f"}
}
