TN:
SF:/Users/t826308/Projects/kevnz/back-off/src/index.js
FN:3,(anonymous_0)
FN:18,(anonymous_1)
FN:41,(anonymous_2)
FN:41,(anonymous_3)
FNF:4
FNH:4
FNDA:11,(anonymous_0)
FNDA:26,(anonymous_1)
FNDA:11,(anonymous_2)
FNDA:17,(anonymous_3)
DA:1,1
DA:4,11
DA:14,11
DA:15,11
DA:19,26
DA:21,26
DA:22,1
DA:24,25
DA:25,25
DA:27,17
DA:28,17
DA:29,1
DA:31,16
DA:32,6
DA:35,6
DA:37,15
DA:42,11
DA:43,11
DA:47,1
LF:19
LH:19
BRDA:21,0,0,1
BRDA:21,0,1,25
BRDA:28,1,0,1
BRDA:28,1,1,16
BRDA:31,2,0,6
BRDA:31,2,1,10
BRDA:32,3,0,1
BRDA:32,3,1,5
BRDA:41,4,0,11
BRF:9
BRH:9
end_of_record
